빌드 시작: 2013-12-09 오후 9:52:38
     1>2 노드의 "D:\Projects\cal_\cal_\cal_.vcxproj" 프로젝트(build 대상)입니다.
     1>InitializeBuildStatus:
         "AlwaysCreate"이(가) 지정되었기 때문에 "Release\cal_.unsuccessfulbuild"을(를) 만들고 있습니다.
       ClCompile:
         모든 출력이 최신 상태입니다.
       Link:
         C:\Program Files\Microsoft Visual Studio 10.0\VC\bin\link.exe /ERRORREPORT:PROMPT /OUT:"D:\Projects\cal_\Release\cal_.exe" /INCREMENTAL:NO /NOLOGO kernel32.lib user32.lib gdi32.lib winspool.lib comdlg32.lib advapi32.lib shell32.lib ole32.lib oleaut32.lib uuid.lib odbc32.lib odbccp32.lib /MANIFEST /ManifestFile:"Release\cal_.exe.intermediate.manifest" /MANIFESTUAC:"level='asInvoker' uiAccess='false'" /DEBUG /PDB:"D:\Projects\cal_\Release\cal_.pdb" /SUBSYSTEM:CONSOLE /OPT:REF /OPT:ICF /LTCG /TLBID:1 /DYNAMICBASE /NXCOMPAT /IMPLIB:"D:\Projects\cal_\Release\cal_.lib" /MACHINE:X86 Release\entity.obj
         Release\func.obj
         Release\main.obj
         코드를 생성하고 있습니다.
     1>d:\projects\cal_\cal_\func.h(278): warning C4715: 'calendar::repeat' : 모든 제어 경로에서 값을 반환하지는 않습니다.
     1>d:\projects\cal_\cal_\func.cpp(297): warning C4715: 'calendar::passscr' : 모든 제어 경로에서 값을 반환하지는 않습니다.
         코드를 생성했습니다.
         cal_.vcxproj -> D:\Projects\cal_\Release\cal_.exe
       Manifest:
         C:\Program Files\Microsoft SDKs\Windows\v7.0A\bin\mt.exe /nologo /verbose /outputresource:"D:\Projects\cal_\Release\cal_.exe;#1" /manifest Release\cal_.exe.intermediate.manifest
       FinalizeBuildStatus:
         "Release\cal_.unsuccessfulbuild" 파일을 삭제하고 있습니다.
         "Release\cal_.lastbuildstate"에 연결(touching)하고 있습니다.
     1>"D:\Projects\cal_\cal_\cal_.vcxproj" 프로젝트를 빌드했습니다(build 대상).

빌드했습니다.

경과 시간: 00:00:04.53
